{
	"name": "SequelizeConnectionRefusedError",
	"parent": {
		"errno": "ECONNREFUSED",
		"code": "ECONNREFUSED",
		"syscall": "connect",
		"address": "127.0.0.1",
		"port": 3306,
		"fatal": true
	},
	"original": {
		"errno": "ECONNREFUSED",
		"code": "ECONNREFUSED",
		"syscall": "connect",
		"address": "127.0.0.1",
		"port": 3306,
		"fatal": true
	},
	"level": "error",
	"service": "dads-birthday",
	"timestamp": "2020-09-23 21:20:27",
	"message": "connect ECONNREFUSED 127.0.0.1:3306",
	"stack": "SequelizeConnectionRefusedError: connect ECONNREFUSED 127.0.0.1:3306\n    at ConnectionManager.connect (C:\\work\\daddy-birthday\\node_modules\\sequelize\\lib\\dialects\\mysql\\connection-manager.js:116:17)\n    at processTicksAndRejections (internal/process/task_queues.js:97:5)"
}
